			*** CSCI 340: Program 9 - Output ***

first heap - ascending order:

-942 -925 -912 -912 -880 -831 -804 -761 -749 -746 -695 -677 -655 -647 -598 
-573 -546 -539 -532 -525 -513 -509 -495 -444 -403 -390 -382 -369 -361 -361 
-313 -305 -288 -282 -263 -235 -220 -220 -202 -197 -197 -187 -181 -167 -145 
-136 -115  -72  -45   -9   -7   28   40   45   69   71  139  144  164  179 
 213  251  293  302  348  349  352  393  404  465  475  514  516  517  531 
 534  547  557  560  560  571  618  646  654  677  733  739  746  774  830 
 834  863  875  895  912  913  916  934  958  966 

first heap - descending order:

 966  958  934  916  913  912  895  875  863  834  830  774  746  739  733 
 677  654  646  618  571  560  560  557  547  534  531  517  516  514  475 
 465  404  393  352  349  348  302  293  251  213  179  164  144  139   71 
  69   45   40   28   -7   -9  -45  -72 -115 -136 -145 -167 -181 -187 -197 
-197 -202 -220 -220 -235 -263 -282 -288 -305 -313 -361 -361 -369 -382 -390 
-403 -444 -495 -509 -513 -525 -532 -539 -546 -573 -598 -647 -655 -677 -695 
-746 -749 -761 -804 -831 -880 -912 -912 -925 -942 

first heap - ascending order with absolute values:

  -7   -9   28   40   45  -45   69   71  -72 -115 -136  139  144 -145  164 
-167  179 -181 -187 -197 -197 -202  213 -220 -220 -235  251 -263 -282 -288 
 293  302 -305 -313  348  349  352 -361 -361 -369 -382 -390  393 -403  404 
-444  465  475 -495 -509 -513  514  516  517 -525  531 -532  534 -539 -546 
 547  557  560  560  571 -573 -598  618  646 -647  654 -655 -677  677 -695 
 733  739  746 -746 -749 -761  774 -804  830 -831  834  863  875 -880  895 
-912 -912  912  913  916 -925  934 -942  958  966 

second heap - ascending order:

-834.74 -778.98 -728.50 -688.54 -680.65 -648.02 -630.81 -587.31 -583.92 
-567.73 -497.48 -492.66 -473.20 -441.58 -430.49 -397.21 -393.01 -391.86 
-391.15 -361.08 -330.79 -329.04 -327.15 -323.52 -290.67 -286.83 -286.04 
-280.54 -279.66 -267.60 -254.70 -251.65 -239.58 -237.10 -209.56 -208.58 
-207.22 -191.03 -180.62 -176.99 -170.40 -157.06 -152.79 -126.17  -40.34 
 -32.23  -18.69  -10.69   -1.87    0.63    2.91    6.82   29.85   42.38 
  59.06   64.03   76.02   87.63   88.52  104.55  105.74  113.42  118.35 
 132.27  136.53  163.42  167.67  168.89  177.14  184.38  189.87  197.70 
 199.22  200.05  201.17  225.40  299.95  337.60  344.29  346.79  350.48 
 355.67  365.32  378.53  387.50  398.76  425.67  454.23  455.87  468.44 
 486.99  499.40  565.64  580.12  580.20  711.98  721.75  873.65  878.72 
 974.89 

second heap - descending order:

 974.89  878.72  873.65  721.75  711.98  580.20  580.12  565.64  499.40 
 486.99  468.44  455.87  454.23  425.67  398.76  387.50  378.53  365.32 
 355.67  350.48  346.79  344.29  337.60  299.95  225.40  201.17  200.05 
 199.22  197.70  189.87  184.38  177.14  168.89  167.67  163.42  136.53 
 132.27  118.35  113.42  105.74  104.55   88.52   87.63   76.02   64.03 
  59.06   42.38   29.85    6.82    2.91    0.63   -1.87  -10.69  -18.69 
 -32.23  -40.34 -126.17 -152.79 -157.06 -170.40 -176.99 -180.62 -191.03 
-207.22 -208.58 -209.56 -237.10 -239.58 -251.65 -254.70 -267.60 -279.66 
-280.54 -286.04 -286.83 -290.67 -323.52 -327.15 -329.04 -330.79 -361.08 
-391.15 -391.86 -393.01 -397.21 -430.49 -441.58 -473.20 -492.66 -497.48 
-567.73 -583.92 -587.31 -630.81 -648.02 -680.65 -688.54 -728.50 -778.98 
-834.74 

second heap - ascending order with absolute values:

   0.63   -1.87    2.91    6.82  -10.69  -18.69   29.85  -32.23  -40.34 
  42.38   59.06   64.03   76.02   87.63   88.52  104.55  105.74  113.42 
 118.35 -126.17  132.27  136.53 -152.79 -157.06  163.42  167.67  168.89 
-170.40 -176.99  177.14 -180.62  184.38  189.87 -191.03  197.70  199.22 
 200.05  201.17 -207.22 -208.58 -209.56  225.40 -237.10 -239.58 -251.65 
-254.70 -267.60 -279.66 -280.54 -286.04 -286.83 -290.67  299.95 -323.52 
-327.15 -329.04 -330.79  337.60  344.29  346.79  350.48  355.67 -361.08 
 365.32  378.53  387.50 -391.15 -391.86 -393.01 -397.21  398.76  425.67 
-430.49 -441.58  454.23  455.87  468.44 -473.20  486.99 -492.66 -497.48 
 499.40  565.64 -567.73  580.12  580.20 -583.92 -587.31 -630.81 -648.02 
-680.65 -688.54  711.98  721.75 -728.50 -778.98 -834.74  873.65  878.72 
 974.89 

third heap - ascending order:

           C            C            C          For      However 
          If           It      PREFACE          The         This 
           a            a            a            a        about 
       about          and          and      another          are 
      become       become         best         book         book 
        book       called         chip       choice     computer 
      design      devoted       expand  fabrication     familiar 
         for          get         have         help           if 
          in           in     increase     involved           is 
          is           is           is           is           it 
          it         just    knowledge     language     language 
    language        learn         made          not           of 
          of           on          one          one           or 
  processing   proficient  programming        quite         read 
     secrets      seeking        speed         that          the 
         the          the          the         then        thing 
        this         this   thoroughly           to           to 
          to           to           to       typing         want 
        wise         with         word          you          you 
         you          you          you         your         your 

third heap - descending order:

        your         your          you          you          you 
         you          you         word         with         wise 
        want       typing           to           to           to 
          to           to   thoroughly         this         this 
       thing         then          the          the          the 
         the         that        speed      seeking      secrets 
        read        quite  programming   proficient   processing 
          or          one          one           on           of 
          of          not         made        learn     language 
    language     language    knowledge         just           it 
          it           is           is           is           is 
          is     involved     increase           in           in 
          if         help         have          get          for 
    familiar  fabrication       expand      devoted       design 
    computer       choice         chip       called         book 
        book         book         best       become       become 
         are      another          and          and        about 
       about            a            a            a            a 
        This          The      PREFACE           It           If 
     However          For            C            C            C 

			*** end of program execution ***

