size = 100 :  84  87  78  16  94  36  87  93  50  22  63  28  91  60  64  27
              41  27  73  37  12  69  68  30  83  31  63  24  68  36  30   3
              23  59  70  68  94  57  12  43  30  74  22  20  85  38  99  25
              16  71  14  27  92  81  57  74  63  71  97  82   6  26  85  28
              37   6  47  30  14  58  25  96  83  46  15  68  35  65  44  51
              88   9  77  79  89  85   4  52  55 100  33  61  77  69  40  13
              27  87  95  40
            
size =  68 :   3   4   6   9  12  13  14  15  16  20  22  23  24  25  26  27
              28  30  31  33  35  36  37  38  40  41  43  44  46  47  50  51
              52  55  57  58  59  60  61  63  64  65  68  69  70  71  73  74
              77  78  79  81  82  83  84  85  87  88  89  91  92  93  94  95
              96  97  99 100
            
size =  44 :   3   6  12  14  16  22  24  27  28  30  31  35  36  37  38  41
              43  46  47  50  51  52  57  59  60  63  64  68  69  70  73  74
              78  81  83  84  87  88  91  93  94  96  97  99
            
size =  27 :   3  12  16  22  28  30  31  36  41  43  47  50  51  57  59  60
              63  64  73  78  84  87  91  93  94  97  99
            
size =  17 :  16  22  36  41  43  50  57  59  60  63  64  78  84  87  93  94
              99
            
size =  11 :  16  36  41  50  59  60  63  78  84  87  94
            
size =   7 :  16  36  50  60  63  78  84
            
size =   5 :  16  36  50  78  84
            
size =   2 :  78  84
            
size =   1 :  84
            
size =   0 :
