Random Numbers Before Sorting:

 384  887  778  916  794  336  387  493  650  422  363   28  691   60  764  927 
 541  427  173  737  212  369  568  430  783  531  863  124   68  136  930  803 
  23   59   70  168  394  457   12   43  230  374  422  920  785  538  199  325 
 316  371  414  527   92  981  957  874  863  171  997  282  306  926   85  328 
 337  506  847  730  314  858  125  896  583  546  815  368  435  365   44  751 
  88  809  277  179  789  585  404  652  755  400  933   61  677  369  740   13 
 227  587   95  540  796  571  435  379  468  602   98  903  318  493  653  757 
 302  281  287  442  866  690  445  620  441  730   32  118   98  772  482  676 
 710  928  568  857  498  354  587  966  307  684  220  625  529  872  733  830 
 504   20  271  369  709  716  341  150  797  724  619  246  847  452  922  556 
 380  489  765  229  842  351  194  501   35  765  125  915  988  857  744  492 
 228  366  860  937  433  552  438  229  276  408  475  122  859  396   30  238 
 236  794  819  429  144   12  929  530 

Random Numbers After Sorting:

  12   12   13   20   23   28   30   32   35   43   44   59   60   61   68   70 
  85   88   92   95   98   98  118  122  124  125  125  136  144  150  168  171 
 173  179  194  199  212  220  227  228  229  229  230  236  238  246  271  276 
 277  281  282  287  302  306  307  314  316  318  325  328  336  337  341  351 
 354  363  365  366  368  369  369  369  371  374  379  380  384  387  394  396 
 400  404  408  414  422  422  427  429  430  433  435  435  438  441  442  445 
 452  457  468  475  482  489  492  493  493  498  501  504  506  527  529  530 
 531  538  540  541  546  552  556  568  568  571  583  585  587  587  602  619 
 620  625  650  652  653  676  677  684  690  691  709  710  716  724  730  730 
 733  737  740  744  751  755  757  764  765  765  772  778  783  785  789  794 
 794  796  797  803  809  815  819  830  842  847  847  857  857  858  859  860 
 863  863  866  872  874  887  896  903  915  916  920  922  926  927  928  929 
 930  933  937  957  966  981  988  997 

Random Numbers Searched:

 747  986  169  441  426  941   73  377  802  265  859  925  394  740  603  842 
 265  976  202  896  516  143  439  259  274  648  886  938  469  799  455  215 
 137  975    7  562  916   79  291   69  695  149  993   88  889  948  282  153 
 923  483  400  790  625  838   49  898  837  286  187  305  436  642  872  572 
 968  878  134  883  309  424  951    3  924  296   91  812  243  372  316  517 
 854   67  307  478  905  707  727  741  992  914  398  427  907  269  999  874 
 146  484  757  806 

Linear Search:
	Percent of Successful Searches = 17.00%

Binary Search:
	Percent of Successful Searches = 17.00%
